<?xml version="1.0" encoding="UTF-8"?>
<testsuite xmlns:xsi="http://www.w3.org/2001/XMLSchema-instance" xsi:noNamespaceSchemaLocation="https://maven.apache.org/surefire/maven-surefire-plugin/xsd/surefire-test-report.xsd" version="3.0.2" name="TestSuite" time="14.202" tests="2" errors="0" skipped="0" failures="0">
  <properties>
[...]
</properties>
  <testcase name="verifyAccountRegistration" classname="testCases.TC001_AccountRegistrationTest" time="2.727">
    <system-out><![CDATA[2026-04-10 15:42:45 INFO  TC001_AccountRegistrationTest:15 - ****** Starting TC001_AccountRegistrationTest ******
2026-04-10 15:42:45 INFO  TC001_AccountRegistrationTest:22 -  Clicked On MyAccount Link.
2026-04-10 15:42:46 INFO  TC001_AccountRegistrationTest:26 -  Clicked On Register Link.
2026-04-10 15:42:46 INFO  TC001_AccountRegistrationTest:30 -  Providing customer Details..
2026-04-10 15:42:48 INFO  TC001_AccountRegistrationTest:47 -  Validating Expected message....
2026-04-10 15:42:48 INFO  TC001_AccountRegistrationTest:59 - ****** Finished TC001_AccountRegistrationTest ******
]]></system-out>
    <system-err><![CDATA[Apr 10, 2026 3:42:42 PM org.openqa.selenium.devtools.CdpVersionFinder findNearestMatch
WARNING: Unable to find an exact match for CDP version 146, returning the closest version; found: 145; Please update to a Selenium version that supports CDP version 146
]]></system-err>
  </testcase>
  <testcase name="verifyLogin" classname="testCases.TC002_LoginTest" time="1.891">
    <system-out><![CDATA[2026-04-10 15:42:51 INFO  TC002_LoginTest:16 - ****** Starting TC002_LoginTest ****** 
2026-04-10 15:42:53 INFO  TC002_LoginTest:42 - ****** Finished TC002_LoginTest ****** 
]]></system-out>
    <system-err><![CDATA[Apr 10, 2026 3:42:49 PM org.openqa.selenium.devtools.CdpVersionFinder findNearestMatch
WARNING: Unable to find an exact match for CDP version 146, returning the closest version; found: 145; Please update to a Selenium version that supports CDP version 146
]]></system-err>
  </testcase>
</testsuite>